app/build/outputs/logs/manifest-merger-debug-report.txt
-- Merging decision tree log ---
manifest
ADDED from src/main/AndroidManifest.xml:2:1-52:12
INJECTED from src/main/AndroidManifest.xml:2:1-52:12
INJECTED from src/main/AndroidManifest.xml:2:1-52:12
INJECTED from src/main/AndroidManifest.xml:2:1-52:12
MERGED from [:lp_messaging_sdk] AndroidManifest.xml:2:1-17:12
MERGED from [com.android.support.constraint:constraint-layout:1.0.2] AndroidManifest.xml:2:1-11:12
MERGED from [com.google.android.gms:play-services:12.0.1] AndroidManifest.xml:2:1-6:12
MERGED from [com.google.firebase:firebase-database:12.0.1] AndroidManifest.xml:2:1-8:12
MERGED from [com.google.firebase:firebase-storage:12.0.1] AndroidManifest.xml:2:1-8:12
MERGED from [com.google.firebase:firebase-messaging:12.0.1] AndroidManifest.xml:17:1-37:12
MERGED from [com.google.firebase:firebase-auth:12.0.1] AndroidManifest.xml:17:1-32:12
MERGED from [com.android.support:design:26.1.0] AndroidManifest.xml:17:1-31:12
MERGED from [com.google.android.gms:play-services-cast-framework:12.0.1] AndroidManifest.xml:2:1-14:12
MERGED from [com.google.android.gms:play-services-cast:12.0.1] AndroidManifest.xml:17:1-24:12
MERGED from [com.android.support:mediarouter-v7:26.1.0] AndroidManifest.xml:17:1-28:12
MERGED from [com.android.support:appcompat-v7:26.1.0] AndroidManifest.xml:17:1-31:12
MERGED from [com.google.android.gms:play-services-awareness:12.0.1] AndroidManifest.xml:17:1-24:12
MERGED from [com.google.android.gms:play-services-places:12.0.1] AndroidManifest.xml:17:1-24:12
MERGED from [com.google.android.gms:play-services-wallet:12.0.1] AndroidManifest.xml:17:1-22:12
MERGED from [com.google.android.gms:play-services-maps:12.0.1] AndroidManifest.xml:17:1-32:12
MERGED from [com.google.android.gms:play-services-ads:12.0.1] AndroidManifest.xml:17:1-25:12
MERGED from [com.google.android.gms:play-services-ads-lite:12.0.1] AndroidManifest.xml:17:1-36:12
MERGED from [com.google.android.gms:play-services-analytics:12.0.1] AndroidManifest.xml:17:1-47:12
MERGED from [com.google.android.gms:play-services-tagmanager:12.0.1] AndroidManifest.xml:17:1-22:12
MERGED from [com.google.android.gms:play-services-tagmanager-v4-impl:12.0.1] AndroidManifest.xml:17:1-24:12
MERGED from [com.google.android.gms:play-services-analytics-impl:12.0.1] AndroidManifest.xml:17:1-31:12
MERGED from [com.google.android.gms:play-services-appinvite:12.0.1] AndroidManifest.xml:17:1-37:12
MERGED from [com.google.android.gms:play-services-auth:12.0.1] AndroidManifest.xml:17:1-39:12
MERGED from [com.google.android.gms:play-services-auth-api-phone:12.0.1] AndroidManifest.xml:2:1-7:12
MERGED from [com.google.android.gms:play-services-auth-base:12.0.1] AndroidManifest.xml:2:1-7:12
MERGED from [com.google.firebase:firebase-config:12.0.1] AndroidManifest.xml:17:1-24:12
MERGED from [com.google.android.gms:play-services-games:12.0.1] AndroidManifest.xml:17:1-24:12
MERGED from [com.google.android.gms:play-services-drive:12.0.1] AndroidManifest.xml:17:1-24:12
MERGED from [com.google.android.gms:play-services-fido:12.0.1] AndroidManifest.xml:2:1-10:12
MERGED from [com.google.firebase:firebase-dynamic-links:12.0.1] AndroidManifest.xml:2:1-9:12
MERGED from [com.google.android.gms:play-services-fitness:12.0.1] AndroidManifest.xml:17:1-24:12
MERGED from [com.google.android.gms:play-services-gcm:12.0.1] AndroidManifest.xml:17:1-28:12
MERGED from [com.google.firebase:firebase-appindexing:12.0.1] AndroidManifest.xml:17:1-24:12
MERGED from [com.google.android.gms:play-services-identity:12.0.1] AndroidManifest.xml:17:1-24:12
MERGED from [com.google.android.gms:play-services-iid:12.0.1] AndroidManifest.xml:17:1-28:12
MERGED from [com.google.android.gms:play-services-instantapps:12.0.1] AndroidManifest.xml:2:1-7:12
MERGED from [com.google.android.gms:play-services-location:12.0.1] AndroidManifest.xml:2:1-9:12
MERGED from [com.google.android.gms:play-services-nearby:12.0.1] AndroidManifest.xml:2:1-11:12
MERGED from [com.google.android.gms:play-services-panorama:12.0.1] AndroidManifest.xml:17:1-24:12
MERGED from [com.google.android.gms:play-services-plus:12.0.1] AndroidManifest.xml:17:1-24:12
MERGED from [com.google.android.gms:play-services-safetynet:12.0.1] AndroidManifest.xml:17:1-24:12
MERGED from [com.google.android.gms:play-services-vision:12.0.1] AndroidManifest.xml:2:1-9:12
MERGED from [com.google.android.gms:play-services-vision-common:12.0.1] AndroidManifest.xml:2:1-9:12
MERGED from [com.google.android.gms:play-services-wearable:12.0.1] AndroidManifest.xml:17:1-24:12
MERGED from [com.google.android.gms:play-services-base:12.0.1] AndroidManifest.xml:17:1-29:12
MERGED from [com.google.firebase:firebase-crash:12.0.1] AndroidManifest.xml:17:1-27:12
MERGED from [com.google.firebase:firebase-database-connection:12.0.1] AndroidManifest.xml:2:1-8:12
MERGED from [com.google.firebase:firebase-core:12.0.1] AndroidManifest.xml:2:1-6:12
MERGED from [com.google.android.gms:play-services-tagmanager-api:12.0.1] AndroidManifest.xml:17:1-47:12
MERGED from [com.google.firebase:firebase-analytics:12.0.1] AndroidManifest.xml:17:1-54:12
MERGED from [com.google.firebase:firebase-analytics-impl:12.0.1] AndroidManifest.xml:17:1-40:12
MERGED from [com.google.firebase:firebase-iid:12.0.1] AndroidManifest.xml:17:1-59:12
MERGED from [com.google.firebase:firebase-storage-common:12.0.1] AndroidManifest.xml:2:1-8:12
MERGED from [com.google.firebase:firebase-common:12.0.1] AndroidManifest.xml:2:1-15:12
MERGED from [com.google.android.gms:play-services-gass:12.0.1] AndroidManifest.xml:2:1-9:12
MERGED from [com.google.android.gms:play-services-tasks:12.0.1] AndroidManifest.xml:2:1-9:12
MERGED from [com.google.android.gms:play-services-basement:12.0.1] AndroidManifest.xml:17:1-28:12
MERGED from [com.android.support:transition:26.1.0] AndroidManifest.xml:17:1-28:12
MERGED from [com.android.support:support-v4:26.1.0] AndroidManifest.xml:17:1-31:12
MERGED from [com.android.support:support-fragment:26.1.0] AndroidManifest.xml:17:1-31:12
MERGED from [com.android.support:palette-v7:26.1.0] AndroidManifest.xml:17:1-28:12
MERGED from [com.android.support:support-core-utils:26.1.0] AndroidManifest.xml:17:1-31:12
MERGED from [com.android.support:multidex:1.0.0] AndroidManifest.xml:16:1-19:12
MERGED from [com.android.support:recyclerview-v7:26.1.0] AndroidManifest.xml:17:1-28:12
MERGED from [com.android.support:percent:26.1.0] AndroidManifest.xml:17:1-28:12
MERGED from [:infra:] AndroidManifest.xml:2:1-14:12
MERGED from [:messaging:] AndroidManifest.xml:2:1-17:12
MERGED from [:messaging_ui:] AndroidManifest.xml:2:1-48:12
MERGED from [:ui:] AndroidManifest.xml:2:1-14:12
MERGED from [com.google.firebase:firebase-database-license:12.0.1] AndroidManifest.xml:17:1-24:12
MERGED from [com.google.firebase:firebase-storage-license:12.0.1] AndroidManifest.xml:17:1-24:12
MERGED from [com.google.firebase:firebase-messaging-license:12.0.1] AndroidManifest.xml:17:1-24:12
MERGED from [com.google.firebase:firebase-auth-license:12.0.1] AndroidManifest.xml:17:1-24:12
MERGED from [com.android.support:animated-vector-drawable:26.1.0] AndroidManifest.xml:17:1-28:12
MERGED from [com.android.support:support-vector-drawable:26.1.0] AndroidManifest.xml:17:1-28:12
MERGED from [com.android.support:support-media-compat:26.1.0] AndroidManifest.xml:17:1-31:12
MERGED from [com.android.support:support-core-ui:26.1.0] AndroidManifest.xml:17:1-31:12
MERGED from [com.android.support:support-compat:26.1.0] AndroidManifest.xml:17:1-31:12
MERGED from [com.google.android.gms:play-services-maps-license:12.0.1] AndroidManifest.xml:17:1-24:12
MERGED from [com.google.android.gms:play-services-ads-license:12.0.1] AndroidManifest.xml:17:1-24:12
MERGED from [com.google.android.gms:play-services-ads-lite-license:12.0.1] AndroidManifest.xml:17:1-24:12
MERGED from [com.google.android.gms:play-services-analytics-license:12.0.1] AndroidManifest.xml:17:1-24:12
MERGED from [com.google.android.gms:play-services-analytics-impl-license:12.0.1] AndroidManifest.xml:17:1-24:12
MERGED from [com.google.android.gms:play-services-appinvite-license:12.0.1] AndroidManifest.xml:17:1-24:12
MERGED from [com.google.android.gms:play-services-auth-api-phone-license:12.0.1] AndroidManifest.xml:17:1-24:12
MERGED from [com.google.android.gms:play-services-auth-base-license:12.0.1] AndroidManifest.xml:17:1-24:12
MERGED from [com.google.android.gms:play-services-base-license:12.0.1] AndroidManifest.xml:17:1-24:12
MERGED from [com.google.android.gms:play-services-cast-framework-license:12.0.1] AndroidManifest.xml:17:1-24:12
MERGED from [com.google.android.gms:play-services-cast-license:12.0.1] AndroidManifest.xml:17:1-24:12
MERGED from [com.google.android.gms:play-services-basement-license:12.0.1] AndroidManifest.xml:17:1-24:12
MERGED from [com.google.firebase:firebase-config-license:12.0.1] AndroidManifest.xml:17:1-24:12
MERGED from [com.google.android.gms:play-services-awareness-license:12.0.1] AndroidManifest.xml:17:1-24:12
MERGED from [com.google.firebase:firebase-crash-license:12.0.1] AndroidManifest.xml:17:1-24:12
MERGED from [com.google.android.gms:play-services-drive-license:12.0.1] AndroidManifest.xml:17:1-24:12
MERGED from [com.google.android.gms:play-services-fido-license:12.0.1] AndroidManifest.xml:17:1-24:12
MERGED from [com.google.firebase:firebase-database-connection-license:12.0.1] AndroidManifest.xml:17:1-24:12
MERGED from [com.google.firebase:firebase-dynamic-links-license:12.0.1] AndroidManifest.xml:17:1-24:12
MERGED from [com.google.firebase:firebase-iid-license:12.0.1] AndroidManifest.xml:17:1-24:12
MERGED from [com.google.firebase:firebase-storage-common-license:12.0.1] AndroidManifest.xml:17:1-24:12
MERGED from [com.google.firebase:firebase-common-license:12.0.1] AndroidManifest.xml:17:1-24:12
MERGED from [com.google.android.gms:play-services-fitness-license:12.0.1] AndroidManifest.xml:17:1-24:12
MERGED from [com.google.android.gms:play-services-games-license:12.0.1] AndroidManifest.xml:17:1-24:12
MERGED from [com.google.android.gms:play-services-gass-license:12.0.1] AndroidManifest.xml:17:1-24:12
MERGED from [com.google.android.gms:play-services-gcm-license:12.0.1] AndroidManifest.xml:17:1-24:12
MERGED from [com.google.firebase:firebase-appindexing-license:12.0.1] AndroidManifest.xml:17:1-24:12
MERGED from [com.google.android.gms:play-services-identity-license:12.0.1] AndroidManifest.xml:17:1-24:12
MERGED from [com.google.android.gms:play-services-iid-license:12.0.1] AndroidManifest.xml:17:1-24:12
MERGED from [com.google.android.gms:play-services-instantapps-license:12.0.1] AndroidManifest.xml:17:1-24:12
MERGED from [com.google.android.gms:play-services-location-license:12.0.1] AndroidManifest.xml:17:1-24:12
MERGED from [com.google.firebase:firebase-analytics-license:12.0.1] AndroidManifest.xml:17:1-24:12
MERGED from [com.google.firebase:firebase-analytics-impl-license:12.0.1] AndroidManifest.xml:17:1-24:12
MERGED from [com.google.android.gms:play-services-nearby-license:12.0.1] AndroidManifest.xml:17:1-24:12
MERGED from [com.google.android.gms:play-services-panorama-license:12.0.1] AndroidManifest.xml:17:1-24:12
MERGED from [com.google.android.gms:play-services-places-license:12.0.1] AndroidManifest.xml:17:1-24:12
MERGED from [com.google.android.gms:play-services-plus-license:12.0.1] AndroidManifest.xml:17:1-24:12
MERGED from [com.google.android.gms:play-services-safetynet-license:12.0.1] AndroidManifest.xml:17:1-24:12
MERGED from [com.google.android.gms:play-services-tagmanager-api-license:12.0.1] AndroidManifest.xml:17:1-24:12
MERGED from [com.google.android.gms:play-services-tagmanager-license:12.0.1] AndroidManifest.xml:17:1-24:12
MERGED from [com.google.android.gms:play-services-tagmanager-v4-impl-license:12.0.1] AndroidManifest.xml:17:1-24:12
MERGED from [com.google.android.gms:play-services-tasks-license:12.0.1] AndroidManifest.xml:17:1-24:12
MERGED from [com.google.android.gms:play-services-vision-common-license:12.0.1] AndroidManifest.xml:17:1-24:12
MERGED from [com.google.android.gms:play-services-vision-license:12.0.1] AndroidManifest.xml:17:1-24:12
MERGED from [com.google.android.gms:play-services-wallet-license:12.0.1] AndroidManifest.xml:17:1-24:12
MERGED from [com.google.android.gms:play-services-wearable-license:12.0.1] AndroidManifest.xml:17:1-24:12
MERGED from [android.arch.lifecycle:runtime:1.0.0] AndroidManifest.xml:17:1-30:12
INJECTED from src/main/AndroidManifest.xml:2:1-52:12
INJECTED from src/main/AndroidManifest.xml:2:1-52:12
INJECTED from src/main/AndroidManifest.xml:2:1-52:12
	package
		ADDED from src/main/AndroidManifest.xml:3:5-44
		INJECTED from src/main/AndroidManifest.xml
		INJECTED from src/main/AndroidManifest.xml
	android:versionName
		INJECTED from src/main/AndroidManifest.xml
		ADDED from src/main/AndroidManifest.xml:2:1-52:12
		INJECTED from src/main/AndroidManifest.xml
	android:versionCode
		INJECTED from src/main/AndroidManifest.xml
		ADDED from src/main/AndroidManifest.xml:2:1-52:12
		INJECTED from src/main/AndroidManifest.xml
	xmlns:android
		ADDED from src/main/AndroidManifest.xml:2:11-69
uses-permission#android.permission.INTERNET
ADDED from src/main/AndroidManifest.xml:5:5-67
MERGED from [com.google.android.gms:play-services-maps:12.0.1] AndroidManifest.xml:24:5-67
MERGED from [com.google.android.gms:play-services-maps:12.0.1] AndroidManifest.xml:24:5-67
MERGED from [com.google.android.gms:play-services-ads-lite:12.0.1] AndroidManifest.xml:23:5-67
MERGED from [com.google.android.gms:play-services-ads-lite:12.0.1] AndroidManifest.xml:23:5-67
MERGED from [com.google.android.gms:play-services-analytics:12.0.1] AndroidManifest.xml:23:5-67
MERGED from [com.google.android.gms:play-services-analytics:12.0.1] AndroidManifest.xml:23:5-67
MERGED from [com.google.android.gms:play-services-analytics-impl:12.0.1] AndroidManifest.xml:23:5-67
MERGED from [com.google.android.gms:play-services-analytics-impl:12.0.1] AndroidManifest.xml:23:5-67
MERGED from [com.google.android.gms:play-services-appinvite:12.0.1] AndroidManifest.xml:22:5-67
MERGED from [com.google.android.gms:play-services-appinvite:12.0.1] AndroidManifest.xml:22:5-67
MERGED from [com.google.android.gms:play-services-gcm:12.0.1] AndroidManifest.xml:24:5-67
MERGED from [com.google.android.gms:play-services-gcm:12.0.1] AndroidManifest.xml:24:5-67
MERGED from [com.google.android.gms:play-services-iid:12.0.1] AndroidManifest.xml:24:5-67
MERGED from [com.google.android.gms:play-services-iid:12.0.1] AndroidManifest.xml:24:5-67
MERGED from [com.google.firebase:firebase-crash:12.0.1] AndroidManifest.xml:22:5-67
MERGED from [com.google.firebase:firebase-crash:12.0.1] AndroidManifest.xml:22:5-67
MERGED from [com.google.android.gms:play-services-tagmanager-api:12.0.1] AndroidManifest.xml:23:5-67
MERGED from [com.google.android.gms:play-services-tagmanager-api:12.0.1] AndroidManifest.xml:23:5-67
MERGED from [com.google.firebase:firebase-analytics:12.0.1] AndroidManifest.xml:23:5-67
MERGED from [com.google.firebase:firebase-analytics:12.0.1] AndroidManifest.xml:23:5-67
MERGED from [com.google.firebase:firebase-analytics-impl:12.0.1] AndroidManifest.xml:23:5-67
MERGED from [com.google.firebase:firebase-analytics-impl:12.0.1] AndroidManifest.xml:23:5-67
MERGED from [com.google.firebase:firebase-iid:12.0.1] AndroidManifest.xml:23:5-67
MERGED from [com.google.firebase:firebase-iid:12.0.1] AndroidManifest.xml:23:5-67
	android:name
		ADDED from src/main/AndroidManifest.xml:5:22-64
uses-permission#android.permission.ACCESS_NETWORK_STATE
ADDED from src/main/AndroidManifest.xml:6:5-79
MERGED from [com.google.android.gms:play-services-maps:12.0.1] AndroidManifest.xml:23:5-79
MERGED from [com.google.android.gms:play-services-maps:12.0.1] AndroidManifest.xml:23:5-79
MERGED from [com.google.android.gms:play-services-ads-lite:12.0.1] AndroidManifest.xml:24:5-79
MERGED from [com.google.android.gms:play-services-ads-lite:12.0.1] AndroidManifest.xml:24:5-79
MERGED from [com.google.android.gms:play-services-analytics:12.0.1] AndroidManifest.xml:24:5-79
MERGED from [com.google.android.gms:play-services-analytics:12.0.1] AndroidManifest.xml:24:5-79
MERGED from [com.google.android.gms:play-services-analytics-impl:12.0.1] AndroidManifest.xml:24:5-79
MERGED from [com.google.android.gms:play-services-analytics-impl:12.0.1] AndroidManifest.xml:24:5-79
MERGED from [com.google.android.gms:play-services-nearby:12.0.1] AndroidManifest.xml:7:5-79
MERGED from [com.google.android.gms:play-services-nearby:12.0.1] AndroidManifest.xml:7:5-79
MERGED from [com.google.android.gms:play-services-tagmanager-api:12.0.1] AndroidManifest.xml:24:5-79
MERGED from [com.google.android.gms:play-services-tagmanager-api:12.0.1] AndroidManifest.xml:24:5-79
MERGED from [com.google.firebase:firebase-analytics:12.0.1] AndroidManifest.xml:24:5-79
MERGED from [com.google.firebase:firebase-analytics:12.0.1] AndroidManifest.xml:24:5-79
MERGED from [com.google.firebase:firebase-analytics-impl:12.0.1] AndroidManifest.xml:24:5-79
MERGED from [com.google.firebase:firebase-analytics-impl:12.0.1] AndroidManifest.xml:24:5-79
MERGED from [com.google.firebase:firebase-iid:12.0.1] AndroidManifest.xml:22:5-79
MERGED from [com.google.firebase:firebase-iid:12.0.1] AndroidManifest.xml:22:5-79
	android:name
		ADDED from src/main/AndroidManifest.xml:6:22-76
uses-permission#android.permission.VIBRATE
ADDED from src/main/AndroidManifest.xml:7:5-66
	android:name
		ADDED from src/main/AndroidManifest.xml:7:22-63
uses-permission#android.permission.READ_EXTERNAL_STORAGE
ADDED from src/main/AndroidManifest.xml:8:5-80
MERGED from [:messaging_ui:] AndroidManifest.xml:11:5-80
MERGED from [:messaging_ui:] AndroidManifest.xml:11:5-80
	android:name
		ADDED from src/main/AndroidManifest.xml:8:22-77
uses-permission#android.permission.WRITE_EXTERNAL_STORAGE
ADDED from src/main/AndroidManifest.xml:9:5-81
MERGED from [:messaging_ui:] AndroidManifest.xml:12:5-81
MERGED from [:messaging_ui:] AndroidManifest.xml:12:5-81
	android:name
		ADDED from src/main/AndroidManifest.xml:9:22-78
uses-permission#com.google.android.c2dm.permission.RECEIVE
ADDED from src/main/AndroidManifest.xml:10:5-82
MERGED from [com.google.android.gms:play-services-gcm:12.0.1] AndroidManifest.xml:23:5-82
MERGED from [com.google.android.gms:play-services-gcm:12.0.1] AndroidManifest.xml:23:5-82
MERGED from [com.google.android.gms:play-services-iid:12.0.1] AndroidManifest.xml:23:5-82
MERGED from [com.google.android.gms:play-services-iid:12.0.1] AndroidManifest.xml:23:5-82
MERGED from [com.google.firebase:firebase-iid:12.0.1] AndroidManifest.xml:26:5-82
MERGED from [com.google.firebase:firebase-iid:12.0.1] AndroidManifest.xml:26:5-82
	android:name
		ADDED from src/main/AndroidManifest.xml:10:22-79
uses-permission#android.permission.WAKE_LOCK
ADDED from src/main/AndroidManifest.xml:11:5-68
MERGED from [com.google.android.gms:play-services-analytics:12.0.1] AndroidManifest.xml:27:5-68
MERGED from [com.google.android.gms:play-services-analytics:12.0.1] AndroidManifest.xml:27:5-68
MERGED from [com.google.android.gms:play-services-analytics-impl:12.0.1] AndroidManifest.xml:27:5-68
MERGED from [com.google.android.gms:play-services-analytics-impl:12.0.1] AndroidManifest.xml:27:5-68
MERGED from [com.google.firebase:firebase-analytics:12.0.1] AndroidManifest.xml:25:5-68
MERGED from [com.google.firebase:firebase-analytics:12.0.1] AndroidManifest.xml:25:5-68
MERGED from [com.google.firebase:firebase-analytics-impl:12.0.1] AndroidManifest.xml:25:5-68
MERGED from [com.google.firebase:firebase-analytics-impl:12.0.1] AndroidManifest.xml:25:5-68
MERGED from [com.google.firebase:firebase-iid:12.0.1] AndroidManifest.xml:24:5-68
MERGED from [com.google.firebase:firebase-iid:12.0.1] AndroidManifest.xml:24:5-68
	android:name
		ADDED from src/main/AndroidManifest.xml:11:22-65
application
ADDED from src/main/AndroidManifest.xml:13:5-50:19
MERGED from [:lp_messaging_sdk] AndroidManifest.xml:11:5-15:19
MERGED from [:lp_messaging_sdk] AndroidManifest.xml:11:5-15:19
MERGED from [com.android.support.constraint:constraint-layout:1.0.2] AndroidManifest.xml:9:5-20
MERGED from [com.android.support.constraint:constraint-layout:1.0.2] AndroidManifest.xml:9:5-20
MERGED from [com.google.android.gms:play-services:12.0.1] AndroidManifest.xml:5:5-20
MERGED from [com.google.android.gms:play-services:12.0.1] AndroidManifest.xml:5:5-20
MERGED from [com.google.firebase:firebase-messaging:12.0.1] AndroidManifest.xml:22:5-35:19
MERGED from [com.google.firebase:firebase-messaging:12.0.1] AndroidManifest.xml:22:5-35:19
MERGED from [com.google.firebase:firebase-auth:12.0.1] AndroidManifest.xml:22:5-30:19
MERGED from [com.google.firebase:firebase-auth:12.0.1] AndroidManifest.xml:22:5-30:19
MERGED from [com.android.support:design:26.1.0] AndroidManifest.xml:25:5-29:19
MERGED from [com.android.support:design:26.1.0] AndroidManifest.xml:25:5-29:19
MERGED from [com.google.android.gms:play-services-cast-framework:12.0.1] AndroidManifest.xml:7:5-12:19
MERGED from [com.google.android.gms:play-services-cast-framework:12.0.1] AndroidManifest.xml:7:5-12:19
MERGED from [com.google.android.gms:play-services-cast:12.0.1] AndroidManifest.xml:22:5-20
MERGED from [com.google.android.gms:play-services-cast:12.0.1] AndroidManifest.xml:22:5-20
MERGED from [com.android.support:mediarouter-v7:26.1.0] AndroidManifest.xml:22:5-26:19
MERGED from [com.android.support:mediarouter-v7:26.1.0] AndroidManifest.xml:22:5-26:19
MERGED from [com.android.support:appcompat-v7:26.1.0] AndroidManifest.xml:25:5-29:19
MERGED from [com.android.support:appcompat-v7:26.1.0] AndroidManifest.xml:25:5-29:19
MERGED from [com.google.android.gms:play-services-awareness:12.0.1] AndroidManifest.xml:22:5-20
MERGED from [com.google.android.gms:play-services-awareness:12.0.1] AndroidManifest.xml:22:5-20
MERGED from [com.google.android.gms:play-services-places:12.0.1] AndroidManifest.xml:22:5-20
MERGED from [com.google.android.gms:play-services-places:12.0.1] AndroidManifest.xml:22:5-20
MERGED from [com.google.android.gms:play-services-maps:12.0.1] AndroidManifest.xml:30:5-20
MERGED from [com.google.android.gms:play-services-maps:12.0.1] AndroidManifest.xml:30:5-20
MERGED from [com.google.android.gms:play-services-ads-lite:12.0.1] AndroidManifest.xml:26:5-34:19
MERGED from [com.google.android.gms:play-services-ads-lite:12.0.1] AndroidManifest.xml:26:5-34:19
MERGED from [com.google.android.gms:play-services-analytics:12.0.1] AndroidManifest.xml:29:5-45:19
MERGED from [com.google.android.gms:play-services-analytics:12.0.1] AndroidManifest.xml:29:5-45:19
MERGED from [com.google.android.gms:play-services-tagmanager-v4-impl:12.0.1] AndroidManifest.xml:22:5-20
MERGED from [com.google.android.gms:play-services-tagmanager-v4-impl:12.0.1] AndroidManifest.xml:22:5-20
MERGED from [com.google.android.gms:play-services-analytics-impl:12.0.1] AndroidManifest.xml:29:5-20
MERGED from [com.google.android.gms:play-services-analytics-impl:12.0.1] AndroidManifest.xml:29:5-20
MERGED from [com.google.android.gms:play-services-appinvite:12.0.1] AndroidManifest.xml:24:5-35:19
MERGED from [com.google.android.gms:play-services-appinvite:12.0.1] AndroidManifest.xml:24:5-35:19
MERGED from [com.google.android.gms:play-services-auth:12.0.1] AndroidManifest.xml:22:5-37:19
MERGED from [com.google.android.gms:play-services-auth:12.0.1] AndroidManifest.xml:22:5-37:19
MERGED from [com.google.firebase:firebase-config:12.0.1] AndroidManifest.xml:22:5-20
MERGED from [com.google.firebase:firebase-config:12.0.1] AndroidManifest.xml:22:5-20
MERGED from [com.google.android.gms:play-services-games:12.0.1] AndroidManifest.xml:22:5-20
MERGED from [com.google.android.gms:play-services-games:12.0.1] AndroidManifest.xml:22:5-20
MERGED from [com.google.android.gms:play-services-drive:12.0.1] AndroidManifest.xml:22:5-20
MERGED from [com.google.android.gms:play-services-drive:12.0.1] AndroidManifest.xml:22:5-20
MERGED from [com.google.android.gms:play-services-fido:12.0.1] AndroidManifest.xml:7:5-8:19
MERGED from [com.google.android.gms:play-services-fido:12.0.1] AndroidManifest.xml:7:5-8:19
MERGED from [com.google.firebase:firebase-dynamic-links:12.0.1] AndroidManifest.xml:7:5-20
MERGED from [com.google.firebase:firebase-dynamic-links:12.0.1] AndroidManifest.xml:7:5-20
MERGED from [com.google.android.gms:play-services-fitness:12.0.1] AndroidManifest.xml:22:5-20
MERGED from [com.google.android.gms:play-services-fitness:12.0.1] AndroidManifest.xml:22:5-20
MERGED from [com.google.android.gms:play-services-gcm:12.0.1] AndroidManifest.xml:26:5-20
MERGED from [com.google.android.gms:play-services-gcm:12.0.1] AndroidManifest.xml:26:5-20
MERGED from [com.google.firebase:firebase-appindexing:12.0.1] AndroidManifest.xml:22:5-20
MERGED from [com.google.firebase:firebase-appindexing:12.0.1] AndroidManifest.xml:22:5-20
MERGED from [com.google.android.gms:play-services-identity:12.0.1] AndroidManifest.xml:22:5-20
MERGED from [com.google.android.gms:play-services-identity:12.0.1] AndroidManifest.xml:22:5-20
MERGED from [com.google.android.gms:play-services-iid:12.0.1] AndroidManifest.xml:26:5-20
MERGED from [com.google.android.gms:play-services-iid:12.0.1] AndroidManifest.xml:26:5-20
MERGED from [com.google.android.gms:play-services-location:12.0.1] AndroidManifest.xml:7:5-20
MERGED from [com.google.android.gms:play-services-location:12.0.1] AndroidManifest.xml:7:5-20
MERGED from [com.google.android.gms:play-services-nearby:12.0.1] AndroidManifest.xml:9:5-20
MERGED from [com.google.android.gms:play-services-nearby:12.0.1] AndroidManifest.xml:9:5-20
MERGED from [com.google.android.gms:play-services-panorama:12.0.1] AndroidManifest.xml:22:5-20
MERGED from [com.google.android.gms:play-services-panorama:12.0.1] AndroidManifest.xml:22:5-20
MERGED from [com.google.android.gms:play-services-plus:12.0.1] AndroidManifest.xml:22:5-20
MERGED from [com.google.android.gms:play-services-plus:12.0.1] AndroidManifest.xml:22:5-20
MERGED from [com.google.android.gms:play-services-safetynet:12.0.1] AndroidManifest.xml:22:5-20
MERGED from [com.google.android.gms:play-services-safetynet:12.0.1] AndroidManifest.xml:22:5-20
MERGED from [com.google.android.gms:play-services-vision:12.0.1] AndroidManifest.xml:7:5-20
MERGED from [com.google.android.gms:play-services-vision:12.0.1] AndroidManifest.xml:7:5-20
MERGED from [com.google.android.gms:play-services-vision-common:12.0.1] AndroidManifest.xml:7:5-20
MERGED from [com.google.android.gms:play-services-vision-common:12.0.1] AndroidManifest.xml:7:5-20
MERGED from [com.google.android.gms:play-services-wearable:12.0.1] AndroidManifest.xml:22:5-20
MERGED from [com.google.android.gms:play-services-wearable:12.0.1] AndroidManifest.xml:22:5-20
MERGED from [com.google.android.gms:play-services-base:12.0.1] AndroidManifest.xml:22:5-27:19
MERGED from [com.google.android.gms:play-services-base:12.0.1] AndroidManifest.xml:22:5-27:19
MERGED from [com.google.firebase:firebase-crash:12.0.1] AndroidManifest.xml:24:5-25:19
MERGED from [com.google.firebase:firebase-crash:12.0.1] AndroidManifest.xml:24:5-25:19
MERGED from [com.google.firebase:firebase-core:12.0.1] AndroidManifest.xml:5:5-20
MERGED from [com.google.firebase:firebase-core:12.0.1] AndroidManifest.xml:5:5-20
MERGED from [com.google.android.gms:play-services-tagmanager-api:12.0.1] AndroidManifest.xml:26:5-45:19
MERGED from [com.google.android.gms:play-services-tagmanager-api:12.0.1] AndroidManifest.xml:26:5-45:19
MERGED from [com.google.firebase:firebase-analytics:12.0.1] AndroidManifest.xml:27:5-52:19
MERGED from [com.google.firebase:firebase-analytics:12.0.1] AndroidManifest.xml:27:5-52:19
MERGED from [com.google.firebase:firebase-analytics-impl:12.0.1] AndroidManifest.xml:27:5-38:19
MERGED from [com.google.firebase:firebase-analytics-impl:12.0.1] AndroidManifest.xml:27:5-38:19
MERGED from [com.google.firebase:firebase-iid:12.0.1] AndroidManifest.xml:34:5-57:19
MERGED from [com.google.firebase:firebase-iid:12.0.1] AndroidManifest.xml:34:5-57:19
MERGED from [com.google.firebase:firebase-common:12.0.1] AndroidManifest.xml:7:5-13:19
MERGED from [com.google.firebase:firebase-common:12.0.1] AndroidManifest.xml:7:5-13:19
MERGED from [com.google.android.gms:play-services-gass:12.0.1] AndroidManifest.xml:7:5-20
MERGED from [com.google.android.gms:play-services-gass:12.0.1] AndroidManifest.xml:7:5-20
MERGED from [com.google.android.gms:play-services-tasks:12.0.1] AndroidManifest.xml:7:5-20
MERGED from [com.google.android.gms:play-services-tasks:12.0.1] AndroidManifest.xml:7:5-20
MERGED from [com.google.android.gms:play-services-basement:12.0.1] AndroidManifest.xml:22:5-26:19
MERGED from [com.google.android.gms:play-services-basement:12.0.1] AndroidManifest.xml:22:5-26:19
MERGED from [com.android.support:transition:26.1.0] AndroidManifest.xml:22:5-26:19
MERGED from [com.android.support:transition:26.1.0] AndroidManifest.xml:22:5-26:19
MERGED from [com.android.support:support-v4:26.1.0] AndroidManifest.xml:25:5-29:19
MERGED from [com.android.support:support-v4:26.1.0] AndroidManifest.xml:25:5-29:19
MERGED from [com.android.support:support-fragment:26.1.0] AndroidManifest.xml:25:5-29:19
MERGED from [com.android.support:support-fragment:26.1.0] AndroidManifest.xml:25:5-29:19
MERGED from [com.android.support:palette-v7:26.1.0] AndroidManifest.xml:22:5-26:19
MERGED from [com.android.support:palette-v7:26.1.0] AndroidManifest.xml:22:5-26:19
MERGED from [com.android.support:support-core-utils:26.1.0] AndroidManifest.xml:25:5-29:19
MERGED from [com.android.support:support-core-utils:26.1.0] AndroidManifest.xml:25:5-29:19
MERGED from [com.android.support:recyclerview-v7:26.1.0] AndroidManifest.xml:22:5-26:19
MERGED from [com.android.support:recyclerview-v7:26.1.0] AndroidManifest.xml:22:5-26:19
MERGED from [com.android.support:percent:26.1.0] AndroidManifest.xml:22:5-26:19
MERGED from [com.android.support:percent:26.1.0] AndroidManifest.xml:22:5-26:19
MERGED from [:infra:] AndroidManifest.xml:12:5-20
MERGED from [:infra:] AndroidManifest.xml:12:5-20
MERGED from [:messaging:] AndroidManifest.xml:11:5-15:19